<?xml version="1.0" encoding="UTF-8"?>
<!-- Generated by org.testng.reporters.JUnitReportReporter -->
<testsuite hostname="DESKTOP-5EVK54D" failures="0" tests="4" name="execution.AmazonRunnerTest" time="64.552" errors="0" timestamp="2023-07-11T20:49:13 IST" skipped="0">
  <testcase classname="execution.AmazonRunnerTest" name="runScenario" time="11.247"/>
  <system-out/>
  <testcase classname="execution.AmazonRunnerTest" name="runScenario" time="5.365"/>
  <system-out/>
  <testcase classname="execution.AmazonRunnerTest" name="runScenario" time="34.286"/>
  <system-out/>
  <testcase classname="execution.AmazonRunnerTest" name="runScenario" time="13.654"/>
  <system-out/>
</testsuite> <!-- execution.AmazonRunnerTest -->
