<?xml version="1.0" encoding="UTF-8"?>
<!-- Generated by org.testng.reporters.JUnitReportReporter -->
<testsuite hostname="DESKTOP-5EVK54D" failures="0" tests="3" name="runner.CampaignRunner" time="0.531" errors="0" timestamp="2023-07-05T21:27:06 IST" skipped="0">
  <testcase classname="runner.CampaignRunner" name="runScenario" time="0.068"/>
  <system-out/>
  <testcase classname="runner.CampaignRunner" name="runScenario" time="0.111"/>
  <system-out/>
  <testcase classname="runner.CampaignRunner" name="runScenario" time="0.352"/>
  <system-out/>
</testsuite> <!-- runner.CampaignRunner -->
