<?xml version="1.0" encoding="UTF-8"?>
<!-- Generated by org.testng.reporters.JUnitReportReporter -->
<testsuite hostname="DESKTOP-5EVK54D" failures="0" tests="3" name="runner.ProfileRunner" time="0.613" errors="0" timestamp="2023-07-04T21:20:13 IST" skipped="0">
  <testcase classname="runner.ProfileRunner" name="runScenario" time="0.440"/>
  <system-out/>
  <testcase classname="runner.ProfileRunner" name="runScenario" time="0.093"/>
  <system-out/>
  <testcase classname="runner.ProfileRunner" name="runScenario" time="0.080"/>
  <system-out/>
</testsuite> <!-- runner.ProfileRunner -->
